<?xml version="1.0" encoding="UTF-8"?>
<testng-results skipped="0" failed="0" ignored="0" total="1" passed="1">
  <reporter-output>
  </reporter-output>
  <suite name="Default suite" duration-ms="14171" started-at="2017-07-18T10:58:47Z" finished-at="2017-07-18T10:59:01Z">
    <groups>
    </groups>
    <test name="Default test" duration-ms="14171" started-at="2017-07-18T10:58:47Z" finished-at="2017-07-18T10:59:01Z">
      <class name="calculator.tests">
        <test-method status="PASS" signature="Setup()[pri:0, instance:calculator.tests@2038ae61]" name="Setup" is-config="true" duration-ms="11009" started-at="2017-07-18T12:58:47Z" finished-at="2017-07-18T12:58:58Z">
          <reporter-output>
          </reporter-output>
        </test-method> <!-- Setup -->
        <test-method status="PASS" signature="AppLaunch()[pri:0, instance:calculator.tests@2038ae61]" name="AppLaunch" duration-ms="12" started-at="2017-07-18T12:58:58Z" finished-at="2017-07-18T12:58:58Z">
          <reporter-output>
          </reporter-output>
        </test-method> <!-- AppLaunch -->
        <test-method status="PASS" signature="driverQuit()[pri:0, instance:calculator.tests@2038ae61]" name="driverQuit" is-config="true" duration-ms="3134" started-at="2017-07-18T12:58:58Z" finished-at="2017-07-18T12:59:01Z">
          <reporter-output>
          </reporter-output>
        </test-method> <!-- driverQuit -->
      </class> <!-- calculator.tests -->
    </test> <!-- Default test -->
  </suite> <!-- Default suite -->
</testng-results>
